  stdafx.cpp
  SceneManager.cpp
  Engine.cpp
  ChaseAIScriptComponent.cpp
  AIScriptComponent.cpp
  MoveScriptComponent.cpp
  MeshRendererComponent.cpp
  IComponent.cpp
  Actor.cpp
  D3D11_Pipeline.cpp
  Intersect.cpp
  Math.cpp
  Timer.cpp
  TransformComponent.cpp
  GUID_Generator.cpp
  Geometry_Generator.cpp
  CameraComponent.cpp
  D3D11_BlendState.cpp
  D3D11_SamplerState.cpp
  D3D11_Texture.cpp
  D3D11_Viewport.cpp
  Generating Code...
  Compiling...
  D3D11_RasterizerState.cpp
  D3D11_ConstantBuffer.cpp
  D3D11_Shader.cpp
  D3D11_InputLayout.cpp
  D3D11_IndexBuffer.cpp
  D3D11_VertexBuffer.cpp
  Scene.cpp
  Graphics.cpp
D:\Kwon's products\C++\DirectX2DGameEngine\Core\Graphics.cpp(54,2): warning C4267: 'argument': conversion from 'size_t' to 'UINT', possible loss of data
  Program.cpp
D:\Kwon's products\C++\DirectX2DGameEngine\Core\Window.h(84,51): warning C4390: ';': empty controlled statement found; is this the intent?
  D3D11_Vertex.cpp
  Generating Code...
  DirectX2DGameEngine.vcxproj -> D:\Kwon's products\C++\DirectX2DGameEngine\x64\Debug\DirectX2DGameEngine.exe
